  [1m[35m (190.7ms)[0m  [1m[35mCREATE TABLE "schema_migrations" ("version" character varying NOT NULL PRIMARY KEY)[0m
  [1m[35m (127.0ms)[0m  [1m[35mCREATE TABLE "ar_internal_metadata" ("key" character varying NOT NULL PRIMARY KEY, "value" character varying, "created_at" timestamp NOT NULL, "updated_at" timestamp NOT NULL)[0m
  [1m[35m (1.0ms)[0m  [1m[34mSELECT pg_try_advisory_lock(8065081775251384800);[0m
  [1m[35m (0.6ms)[0m  [1m[34mSELECT "schema_migrations"."version" FROM "schema_migrations" ORDER BY "schema_migrations"."version" ASC[0m
Migrating to CreateBooks (20170722125649)
  [1m[35m (0.2ms)[0m  [1m[35mBEGIN[0m
  [1m[35m (96.3ms)[0m  [1m[35mCREATE TABLE "books" ("id" bigserial primary key, "name" character varying, "created_at" timestamp NOT NULL, "updated_at" timestamp NOT NULL)[0m
  [1m[35mSQL (0.6ms)[0m  [1m[32mINSERT INTO "schema_migrations" ("version") VALUES ($1) RETURNING "version"[0m  [["version", "20170722125649"]]
  [1m[35m (22.1ms)[0m  [1m[35mCOMMIT[0m
  [1m[36mActiveRecord::InternalMetadata Load (0.4ms)[0m  [1m[34mSELECT  "ar_internal_metadata".* FROM "ar_internal_metadata" WHERE "ar_internal_metadata"."key" = $1 LIMIT $2[0m  [["key", "environment"], ["LIMIT", 1]]
  [1m[35m (0.2ms)[0m  [1m[35mBEGIN[0m
  [1m[35mSQL (0.5ms)[0m  [1m[32mINSERT INTO "ar_internal_metadata" ("key", "value", "created_at", "updated_at") VALUES ($1, $2, $3, $4) RETURNING "key"[0m  [["key", "environment"], ["value", "development"], ["created_at", "2017-07-22 12:57:00.093002"], ["updated_at", "2017-07-22 12:57:00.093002"]]
  [1m[35m (4.0ms)[0m  [1m[35mCOMMIT[0m
  [1m[35m (0.4ms)[0m  [1m[34mSELECT pg_advisory_unlock(8065081775251384800)[0m
  [1m[35m (0.3ms)[0m  [1m[34mSELECT "schema_migrations"."version" FROM "schema_migrations" ORDER BY "schema_migrations"."version" ASC[0m
  [1m[35m (0.6ms)[0m  [1m[34mSELECT "schema_migrations"."version" FROM "schema_migrations" ORDER BY "schema_migrations"."version" ASC[0m
  [1m[35m (0.2ms)[0m  [1m[35mBEGIN[0m
  [1m[35mSQL (0.6ms)[0m  [1m[32mINSERT INTO "books" ("name", "created_at", "updated_at") VALUES ($1, $2, $3) RETURNING "id"[0m  [["name", "Copying and Pasting from Stack Overflow"], ["created_at", "2017-07-22 12:57:52.712035"], ["updated_at", "2017-07-22 12:57:52.712035"]]
  [1m[35m (57.5ms)[0m  [1m[35mCOMMIT[0m
  [1m[35m (0.3ms)[0m  [1m[35mBEGIN[0m
  [1m[35mSQL (0.6ms)[0m  [1m[32mINSERT INTO "books" ("name", "created_at", "updated_at") VALUES ($1, $2, $3) RETURNING "id"[0m  [["name", "Trying Stuff Until it Works"], ["created_at", "2017-07-22 12:57:52.772970"], ["updated_at", "2017-07-22 12:57:52.772970"]]
  [1m[35m (4.4ms)[0m  [1m[35mCOMMIT[0m
Started GET "/" for 127.0.0.1 at 2017-07-22 18:28:26 +0530
  [1m[35m (0.7ms)[0m  [1m[34mSELECT "schema_migrations"."version" FROM "schema_migrations" ORDER BY "schema_migrations"."version" ASC[0m
Processing by Rails::WelcomeController#index as HTML
  Rendering /home/sai/.rbenv/versions/2.4.0/lib/ruby/gems/2.4.0/gems/railties-5.1.2/lib/rails/templates/rails/welcome/index.html.erb
  Rendered /home/sai/.rbenv/versions/2.4.0/lib/ruby/gems/2.4.0/gems/railties-5.1.2/lib/rails/templates/rails/welcome/index.html.erb (2.2ms)
Completed 200 OK in 5ms (Views: 4.7ms | ActiveRecord: 0.0ms)


Started GET "/favicon.ico" for 127.0.0.1 at 2017-07-22 18:28:27 +0530
  
ActionController::RoutingError (No route matches [GET] "/favicon.ico"):
  
actionpack (5.1.2) lib/action_dispatch/middleware/debug_exceptions.rb:63:in `call'
actionpack (5.1.2) lib/action_dispatch/middleware/show_exceptions.rb:31:in `call'
railties (5.1.2) lib/rails/rack/logger.rb:36:in `call_app'
railties (5.1.2) lib/rails/rack/logger.rb:24:in `block in call'
activesupport (5.1.2) lib/active_support/tagged_logging.rb:69:in `block in tagged'
activesupport (5.1.2) lib/active_support/tagged_logging.rb:26:in `tagged'
activesupport (5.1.2) lib/active_support/tagged_logging.rb:69:in `tagged'
railties (5.1.2) lib/rails/rack/logger.rb:24:in `call'
actionpack (5.1.2) lib/action_dispatch/middleware/remote_ip.rb:79:in `call'
actionpack (5.1.2) lib/action_dispatch/middleware/request_id.rb:25:in `call'
rack (2.0.3) lib/rack/runtime.rb:22:in `call'
activesupport (5.1.2) lib/active_support/cache/strategy/local_cache_middleware.rb:27:in `call'
actionpack (5.1.2) lib/action_dispatch/middleware/executor.rb:12:in `call'
actionpack (5.1.2) lib/action_dispatch/middleware/static.rb:125:in `call'
rack (2.0.3) lib/rack/sendfile.rb:111:in `call'
railties (5.1.2) lib/rails/engine.rb:522:in `call'
puma (3.9.1) lib/puma/configuration.rb:224:in `call'
puma (3.9.1) lib/puma/server.rb:602:in `handle_request'
puma (3.9.1) lib/puma/server.rb:435:in `process_client'
puma (3.9.1) lib/puma/server.rb:299:in `block in run'
puma (3.9.1) lib/puma/thread_pool.rb:120:in `block in spawn_thread'
Started GET "/books.json" for 127.0.0.1 at 2017-07-22 18:28:48 +0530
Processing by BooksController#index as JSON
  [1m[36mBook Load (0.4ms)[0m  [1m[34mSELECT "books".* FROM "books"[0m
Completed 200 OK in 31ms (Views: 18.0ms | ActiveRecord: 10.1ms)


Started GET "/" for 127.0.0.1 at 2017-07-22 18:32:58 +0530
  [1m[35m (0.6ms)[0m  [1m[34mSELECT "schema_migrations"."version" FROM "schema_migrations" ORDER BY "schema_migrations"."version" ASC[0m
Processing by Rails::WelcomeController#index as HTML
  Rendering /home/sai/.rbenv/versions/2.4.0/lib/ruby/gems/2.4.0/gems/railties-5.1.2/lib/rails/templates/rails/welcome/index.html.erb
  Rendered /home/sai/.rbenv/versions/2.4.0/lib/ruby/gems/2.4.0/gems/railties-5.1.2/lib/rails/templates/rails/welcome/index.html.erb (3.5ms)
Completed 200 OK in 7ms (Views: 6.0ms | ActiveRecord: 0.0ms)


Started GET "/favicon.ico" for 127.0.0.1 at 2017-07-22 18:32:58 +0530
  
ActionController::RoutingError (No route matches [GET] "/favicon.ico"):
  
actionpack (5.1.2) lib/action_dispatch/middleware/debug_exceptions.rb:63:in `call'
actionpack (5.1.2) lib/action_dispatch/middleware/show_exceptions.rb:31:in `call'
railties (5.1.2) lib/rails/rack/logger.rb:36:in `call_app'
railties (5.1.2) lib/rails/rack/logger.rb:24:in `block in call'
activesupport (5.1.2) lib/active_support/tagged_logging.rb:69:in `block in tagged'
activesupport (5.1.2) lib/active_support/tagged_logging.rb:26:in `tagged'
activesupport (5.1.2) lib/active_support/tagged_logging.rb:69:in `tagged'
railties (5.1.2) lib/rails/rack/logger.rb:24:in `call'
actionpack (5.1.2) lib/action_dispatch/middleware/remote_ip.rb:79:in `call'
actionpack (5.1.2) lib/action_dispatch/middleware/request_id.rb:25:in `call'
rack (2.0.3) lib/rack/runtime.rb:22:in `call'
activesupport (5.1.2) lib/active_support/cache/strategy/local_cache_middleware.rb:27:in `call'
actionpack (5.1.2) lib/action_dispatch/middleware/executor.rb:12:in `call'
actionpack (5.1.2) lib/action_dispatch/middleware/static.rb:125:in `call'
rack (2.0.3) lib/rack/sendfile.rb:111:in `call'
rack-cors (1.0.1) lib/rack/cors.rb:93:in `call'
railties (5.1.2) lib/rails/engine.rb:522:in `call'
puma (3.9.1) lib/puma/configuration.rb:224:in `call'
puma (3.9.1) lib/puma/server.rb:602:in `handle_request'
puma (3.9.1) lib/puma/server.rb:435:in `process_client'
puma (3.9.1) lib/puma/server.rb:299:in `block in run'
puma (3.9.1) lib/puma/thread_pool.rb:120:in `block in spawn_thread'
Started GET "/favicon.ico" for 127.0.0.1 at 2017-07-22 18:32:59 +0530
  
ActionController::RoutingError (No route matches [GET] "/favicon.ico"):
  
actionpack (5.1.2) lib/action_dispatch/middleware/debug_exceptions.rb:63:in `call'
actionpack (5.1.2) lib/action_dispatch/middleware/show_exceptions.rb:31:in `call'
railties (5.1.2) lib/rails/rack/logger.rb:36:in `call_app'
railties (5.1.2) lib/rails/rack/logger.rb:24:in `block in call'
activesupport (5.1.2) lib/active_support/tagged_logging.rb:69:in `block in tagged'
activesupport (5.1.2) lib/active_support/tagged_logging.rb:26:in `tagged'
activesupport (5.1.2) lib/active_support/tagged_logging.rb:69:in `tagged'
railties (5.1.2) lib/rails/rack/logger.rb:24:in `call'
actionpack (5.1.2) lib/action_dispatch/middleware/remote_ip.rb:79:in `call'
actionpack (5.1.2) lib/action_dispatch/middleware/request_id.rb:25:in `call'
rack (2.0.3) lib/rack/runtime.rb:22:in `call'
activesupport (5.1.2) lib/active_support/cache/strategy/local_cache_middleware.rb:27:in `call'
actionpack (5.1.2) lib/action_dispatch/middleware/executor.rb:12:in `call'
actionpack (5.1.2) lib/action_dispatch/middleware/static.rb:125:in `call'
rack (2.0.3) lib/rack/sendfile.rb:111:in `call'
rack-cors (1.0.1) lib/rack/cors.rb:93:in `call'
railties (5.1.2) lib/rails/engine.rb:522:in `call'
puma (3.9.1) lib/puma/configuration.rb:224:in `call'
puma (3.9.1) lib/puma/server.rb:602:in `handle_request'
puma (3.9.1) lib/puma/server.rb:435:in `process_client'
puma (3.9.1) lib/puma/server.rb:299:in `block in run'
puma (3.9.1) lib/puma/thread_pool.rb:120:in `block in spawn_thread'
Started GET "/books.json" for 127.0.0.1 at 2017-07-22 18:33:06 +0530
Processing by BooksController#index as JSON
  [1m[36mBook Load (0.5ms)[0m  [1m[34mSELECT "books".* FROM "books"[0m
Completed 200 OK in 18ms (Views: 9.5ms | ActiveRecord: 5.0ms)


Started GET "/books.json" for 127.0.0.1 at 2017-07-22 18:39:24 +0530
Processing by BooksController#index as JSON
  [1m[36mBook Load (0.3ms)[0m  [1m[34mSELECT "books".* FROM "books"[0m
Completed 200 OK in 3ms (Views: 2.0ms | ActiveRecord: 0.3ms)


Started GET "/books.json" for 127.0.0.1 at 2017-07-22 18:40:50 +0530
Processing by BooksController#index as JSON
  [1m[36mBook Load (0.4ms)[0m  [1m[34mSELECT "books".* FROM "books"[0m
Completed 200 OK in 2ms (Views: 1.6ms | ActiveRecord: 0.4ms)


Started GET "/books.json" for 127.0.0.1 at 2017-07-22 18:44:47 +0530
Processing by BooksController#index as JSON
  [1m[36mBook Load (0.4ms)[0m  [1m[34mSELECT "books".* FROM "books"[0m
Completed 200 OK in 3ms (Views: 1.9ms | ActiveRecord: 0.4ms)


Started GET "/books.json" for 127.0.0.1 at 2017-07-22 18:46:56 +0530
Processing by BooksController#index as JSON
  [1m[36mBook Load (0.4ms)[0m  [1m[34mSELECT "books".* FROM "books"[0m
Completed 200 OK in 3ms (Views: 1.9ms | ActiveRecord: 0.4ms)


Started GET "/books.json" for 127.0.0.1 at 2017-07-22 18:46:56 +0530
Processing by BooksController#index as JSON
  [1m[36mBook Load (0.5ms)[0m  [1m[34mSELECT "books".* FROM "books"[0m
Completed 200 OK in 3ms (Views: 1.9ms | ActiveRecord: 0.5ms)


Started GET "/books.json" for 127.0.0.1 at 2017-07-23 14:14:39 +0530
Processing by BooksController#index as JSON
  [1m[36mBook Load (0.8ms)[0m  [1m[34mSELECT "books".* FROM "books"[0m
Completed 200 OK in 3ms (Views: 1.6ms | ActiveRecord: 0.8ms)


Started GET "/" for 127.0.0.1 at 2017-07-23 14:18:21 +0530
Processing by Rails::WelcomeController#index as HTML
  Rendering /home/sai/.rbenv/versions/2.4.0/lib/ruby/gems/2.4.0/gems/railties-5.1.2/lib/rails/templates/rails/welcome/index.html.erb
  Rendered /home/sai/.rbenv/versions/2.4.0/lib/ruby/gems/2.4.0/gems/railties-5.1.2/lib/rails/templates/rails/welcome/index.html.erb (2.2ms)
Completed 200 OK in 4ms (Views: 3.3ms | ActiveRecord: 0.0ms)


Started GET "/books.json" for 127.0.0.1 at 2017-07-23 14:20:59 +0530
Processing by BooksController#index as JSON
  [1m[36mBook Load (0.3ms)[0m  [1m[34mSELECT "books".* FROM "books"[0m
Completed 200 OK in 2ms (Views: 1.5ms | ActiveRecord: 0.3ms)


Started GET "/books.json" for 127.0.0.1 at 2017-07-23 14:24:46 +0530
Processing by BooksController#index as JSON
  [1m[36mBook Load (0.4ms)[0m  [1m[34mSELECT "books".* FROM "books"[0m
Completed 200 OK in 2ms (Views: 1.7ms | ActiveRecord: 0.4ms)


Started GET "/books.json" for 127.0.0.1 at 2017-07-23 14:24:58 +0530
Processing by BooksController#index as JSON
  [1m[36mBook Load (0.4ms)[0m  [1m[34mSELECT "books".* FROM "books"[0m
Completed 200 OK in 2ms (Views: 1.4ms | ActiveRecord: 0.4ms)


Started GET "/books.json" for 127.0.0.1 at 2017-07-23 14:25:04 +0530
Processing by BooksController#index as JSON
  [1m[36mBook Load (0.4ms)[0m  [1m[34mSELECT "books".* FROM "books"[0m
Completed 200 OK in 2ms (Views: 1.3ms | ActiveRecord: 0.4ms)


Started GET "/books.json" for 127.0.0.1 at 2017-07-23 14:25:37 +0530
Processing by BooksController#index as JSON
  [1m[36mBook Load (0.4ms)[0m  [1m[34mSELECT "books".* FROM "books"[0m
Completed 200 OK in 2ms (Views: 1.8ms | ActiveRecord: 0.4ms)


